<?xml version="1.0" encoding="UTF-8"?>
<testng-results ignored="0" total="1" passed="1" failed="0" skipped="0">
  <reporter-output>
  </reporter-output>
  <suite started-at="2022-06-15T10:49:07 GMT+05:30" name="Default suite" finished-at="2022-06-15T10:49:22 GMT+05:30" duration-ms="15518">
    <groups>
    </groups>
    <test started-at="2022-06-15T10:49:07 GMT+05:30" name="Default test" finished-at="2022-06-15T10:49:22 GMT+05:30" duration-ms="15518">
      <class name="Test.PinPageTest">
        <test-method is-config="true" signature="browser()[pri:0, instance:Test.PinPageTest@5ffead27]" started-at="2022-06-15T10:49:07 GMT+05:30" name="browser" finished-at="2022-06-15T10:49:16 GMT+05:30" duration-ms="9303" status="PASS">
          <reporter-output>
          </reporter-output>
        </test-method> <!-- browser -->
        <test-method signature="loginWithValidCredentialsTest()[pri:0, instance:Test.PinPageTest@5ffead27]" started-at="2022-06-15T10:49:16 GMT+05:30" name="loginWithValidCredentialsTest" finished-at="2022-06-15T10:49:22 GMT+05:30" duration-ms="6184" status="PASS">
          <reporter-output>
          </reporter-output>
        </test-method> <!-- loginWithValidCredentialsTest -->
      </class> <!-- Test.PinPageTest -->
    </test> <!-- Default test -->
  </suite> <!-- Default suite -->
</testng-results>
